C51 COMPILER V9.02   LCD1602                                                               04/12/2022 17:34:17 PAGE 1   


C51 COMPILER V9.02, COMPILATION OF MODULE LCD1602
OBJECT MODULE PLACED IN ..\output\Lcd1602.obj
COMPILER INVOKED BY: D:\Keil_v4\C51\BIN\C51.EXE ..\src\Lcd1602.c BROWSE INCDIR(..\inc) DEBUG OBJECTEXTEND PRINT(.\Lcd160
                    -2.lst) OBJECT(..\output\Lcd1602.obj)

line level    source

   1          /*********************************************************************************** 
   2          ;功能说明:STC89C52开机次数+数码管温度报警+1602时间
   3          ;文件名称:Lcd1602.c
   4          :描    述：1602字符液晶驱动模块
   5          ;版本号：v1.0.0  
   6          ;微处理器:STC89C52
   7          ;编译环境:Keil uVision V4.10 
   8          ;作    者:Cui Xinghai 
   9          ;创建日期:2022.4.9   
  10          ;***********************************************************************************/
  11          
  12          
  13          #include <reg52.h>
  14          #include "config.h"
  15          
  16          #define LCD1602_DB  P0
  17          
  18          /* 等待液晶准备好 */
  19          void LcdWaitReady()
  20          {
  21   1          unsigned char sta;
  22   1          
  23   1          LCD1602_DB = 0xFF;
  24   1          LCD1602_RS = 0;
  25   1          LCD1602_RW = 1;
  26   1          do {
  27   2              LCD1602_E = 1;
  28   2              sta = LCD1602_DB; //读取状态字
  29   2              LCD1602_E = 0;
  30   2          } while (sta & 0x80); //bit7等于1表示液晶正忙，重复检测直到其等于0为止
  31   1      }
  32          /* 向LCD1602液晶写入一字节命令，cmd-待写入命令值 */
  33          void LcdWriteCmd(unsigned char cmd)
  34          {
  35   1          LcdWaitReady();
  36   1          LCD1602_RS = 0;
  37   1          LCD1602_RW = 0;
  38   1          LCD1602_DB = cmd;
  39   1          LCD1602_E  = 1;
  40   1          LCD1602_E  = 0;
  41   1      }
  42          /* 向LCD1602液晶写入一字节数据，dat-待写入数据值 */
  43          void LcdWriteDat(unsigned char dat)
  44          {
  45   1          LcdWaitReady();
  46   1          LCD1602_RS = 1;
  47   1          LCD1602_RW = 0;
  48   1          LCD1602_DB = dat;
  49   1          LCD1602_E  = 1;
  50   1          LCD1602_E  = 0;
  51   1      }
  52          /* 设置显示RAM起始地址，亦即光标位置，(x,y)-对应屏幕上的字符坐标 */
  53          void LcdSetCursor(unsigned char x, unsigned char y)
  54          {
C51 COMPILER V9.02   LCD1602                                                               04/12/2022 17:34:17 PAGE 2   

  55   1          unsigned char addr;
  56   1          
  57   1          if (y == 0)  //由输入的屏幕坐标计算显示RAM的地址
  58   1              addr = 0x00 + x;  //第一行字符地址从0x00起始
  59   1          else
  60   1              addr = 0x40 + x;  //第二行字符地址从0x40起始
  61   1          LcdWriteCmd(addr | 0x80);  //设置RAM地址
  62   1      }
  63          /* 在液晶上显示字符串，(x,y)-对应屏幕上的起始坐标，str-字符串指针 */
  64          void LcdShowStr(unsigned char x, unsigned char y, unsigned char *str)
  65          {
  66   1          LcdSetCursor(x, y);   //设置起始地址
  67   1          while (*str != '\0')  //连续写入字符串数据，直到检测到结束符
  68   1          {
  69   2              LcdWriteDat(*str++);
  70   2          }
  71   1      }
  72          /* 初始化1602液晶 */
  73          void InitLcd1602()
  74          {
  75   1          LcdWriteCmd(0x38);  //16*2显示，5*7点阵，8位数据接口
  76   1          LcdWriteCmd(0x0C);  //显示器开，光标关闭
  77   1          LcdWriteCmd(0x06);  //文字不动，地址自动+1
  78   1          LcdWriteCmd(0x01);  //清屏
  79   1      }


MODULE INFORMATION:   STATIC OVERLAYABLE
   CODE SIZE        =    128    ----
   CONSTANT SIZE    =   ----    ----
   XDATA SIZE       =   ----    ----
   PDATA SIZE       =   ----    ----
   DATA SIZE        =   ----       3
   IDATA SIZE       =   ----    ----
   BIT SIZE         =   ----    ----
END OF MODULE INFORMATION.


C51 COMPILATION COMPLETE.  0 WARNING(S),  0 ERROR(S)
